build/app/intermediates/manifest_merge_blame_file/release/manifest-merger-blame-release-report.txt
1<?xml version="1.0" encoding="utf-8"?>
2<manifest xmlns:android="http://schemas.android.com/apk/res/android"
3    package="com.dartdroid.surety"
4    android:versionCode="1"
5    android:versionName="1.0.0" >
6
7    <uses-sdk
8        android:minSdkVersion="21"
8-->src/main/AndroidManifest.xml
9        android:targetSdkVersion="31" />
9-->src/main/AndroidManifest.xml
10
11    <uses-permission android:name="android.permission.ACCESS_NETWORK_STATE" />
11-->src/main/AndroidManifest.xml:4:5-79
11-->src/main/AndroidManifest.xml:4:22-76
12    <uses-permission android:name="android.permission.ACCESS_WIFI_STATE" />
12-->src/main/AndroidManifest.xml:5:5-76
12-->src/main/AndroidManifest.xml:5:22-73
13    <uses-permission android:name="android.permission.ACCESS_COARSE_LOCATION" />
13-->src/main/AndroidManifest.xml:6:5-81
13-->src/main/AndroidManifest.xml:6:22-78
14    <uses-permission android:name="android.permission.ACCESS_FINE_LOCATION" />
14-->src/main/AndroidManifest.xml:7:5-79
14-->src/main/AndroidManifest.xml:7:22-76
15    <uses-permission android:name="android.permission.ACCESS_BACKGROUND_LOCATION" />
15-->src/main/AndroidManifest.xml:8:5-85
15-->src/main/AndroidManifest.xml:8:22-82
16    <uses-permission android:name="android.permission.INTERNET" />
16-->src/main/AndroidManifest.xml:9:5-67
16-->src/main/AndroidManifest.xml:9:22-64
17    <uses-permission android:name="android.permission.WRITE_EXTERNAL_STORAGE" />
17-->src/main/AndroidManifest.xml:10:5-81
17-->src/main/AndroidManifest.xml:10:22-78
18    <uses-permission android:name="android.permission.READ_EXTERNAL_STORAGE" />
18-->src/main/AndroidManifest.xml:11:5-80
18-->src/main/AndroidManifest.xml:11:22-77
19    <uses-permission android:name="android.permission.CAMERA" />
19-->src/main/AndroidManifest.xml:12:5-65
19-->src/main/AndroidManifest.xml:12:22-62
20    <uses-permission android:name="android.permission.VIBRATE" />
20-->src/main/AndroidManifest.xml:13:5-66
20-->src/main/AndroidManifest.xml:13:22-63
21    <uses-permission android:name="android.permission.CALL_PHONE" />
21-->src/main/AndroidManifest.xml:14:5-69
21-->src/main/AndroidManifest.xml:14:22-66
22    <uses-permission android:name="android.permission.READ_PHONE_STATE" />
22-->src/main/AndroidManifest.xml:15:5-75
22-->src/main/AndroidManifest.xml:15:22-72
23
24    <queries>
24-->[:file_picker] AndroidManifest.xml:11:5-17:15
25        <intent>
25-->[:file_picker] AndroidManifest.xml:12:9-16:18
26            <action android:name="android.intent.action.GET_CONTENT" />
26-->[:file_picker] AndroidManifest.xml:13:13-72
26-->[:file_picker] AndroidManifest.xml:13:21-69
27
28            <data android:mimeType="*/*" />
28-->[:file_picker] AndroidManifest.xml:15:13-44
28-->[:file_picker] AndroidManifest.xml:15:19-41
29        </intent>
30    </queries>
31
32    <uses-permission android:name="android.permission.WAKE_LOCK" />
32-->[androidx.work:work-runtime:2.7.0] AndroidManifest.xml:25:5-68
32-->[androidx.work:work-runtime:2.7.0] AndroidManifest.xml:25:22-65
33    <uses-permission android:name="android.permission.RECEIVE_BOOT_COMPLETED" />
33-->[androidx.work:work-runtime:2.7.0] AndroidManifest.xml:27:5-81
33-->[androidx.work:work-runtime:2.7.0] AndroidManifest.xml:27:22-78
34    <uses-permission android:name="android.permission.FOREGROUND_SERVICE" />
34-->[androidx.work:work-runtime:2.7.0] AndroidManifest.xml:28:5-77
34-->[androidx.work:work-runtime:2.7.0] AndroidManifest.xml:28:22-74
35
36    <application
37        android:name="android.app.Application"
37-->src/main/AndroidManifest.xml:18:9-42
38        android:appComponentFactory="androidx.core.app.CoreComponentFactory"
38-->[androidx.core:core:1.6.0] AndroidManifest.xml:24:18-86
39        android:exported="false"
39-->src/main/AndroidManifest.xml:19:9-33
40        android:icon="@mipmap/ic_launcher"
40-->src/main/AndroidManifest.xml:20:9-43
41        android:label="Surety"
41-->src/main/AndroidManifest.xml:21:9-31
42        android:usesCleartextTraffic="true" >
42-->src/main/AndroidManifest.xml:22:9-44
43        <activity
43-->src/main/AndroidManifest.xml:23:9-48:20
44            android:name="com.dartdroid.surety.MainActivity"
44-->src/main/AndroidManifest.xml:24:13-41
45            android:configChanges="orientation|keyboardHidden|keyboard|screenSize|smallestScreenSize|locale|layoutDirection|fontScale|screenLayout|density|uiMode"
45-->src/main/AndroidManifest.xml:25:13-163
46            android:exported="true"
46-->src/main/AndroidManifest.xml:26:13-36
47            android:hardwareAccelerated="true"
47-->src/main/AndroidManifest.xml:27:13-47
48            android:launchMode="singleTop"
48-->src/main/AndroidManifest.xml:28:13-43
49            android:showWhenLocked="true"
49-->src/main/AndroidManifest.xml:29:13-42
50            android:theme="@style/LaunchTheme"
50-->src/main/AndroidManifest.xml:30:13-47
51            android:turnScreenOn="true"
51-->src/main/AndroidManifest.xml:31:13-40
52            android:windowSoftInputMode="adjustResize" >
52-->src/main/AndroidManifest.xml:32:13-55
53
54            <!--
55                 Specifies an Android theme to apply to this Activity as soon as
56                 the Android process has started. This theme is visible to the user
57                 while the Flutter UI initializes. After that, this theme continues
58                 to determine the Window background behind the Flutter UI.
59            -->
60            <meta-data
60-->src/main/AndroidManifest.xml:37:13-39:57
61                android:name="io.flutter.embedding.android.NormalTheme"
61-->src/main/AndroidManifest.xml:38:17-72
62                android:resource="@style/NormalTheme" />
62-->src/main/AndroidManifest.xml:39:17-54
63            <meta-data
63-->src/main/AndroidManifest.xml:40:13-42:37
64                android:name="flutterEmbedding"
64-->src/main/AndroidManifest.xml:41:17-48
65                android:value="2" />
65-->src/main/AndroidManifest.xml:42:17-34
66
67            <intent-filter>
67-->src/main/AndroidManifest.xml:44:13-47:29
68                <action android:name="android.intent.action.MAIN" />
68-->src/main/AndroidManifest.xml:45:17-69
68-->src/main/AndroidManifest.xml:45:25-66
69
70                <category android:name="android.intent.category.LAUNCHER" />
70-->src/main/AndroidManifest.xml:46:17-77
70-->src/main/AndroidManifest.xml:46:27-74
71            </intent-filter>
72        </activity>
73        <!--
74             Don't delete the meta-data below.
75             This is used by the Flutter tool to generate GeneratedPluginRegistrant.java
76        -->
77        <meta-data
77-->src/main/AndroidManifest.xml:40:13-42:37
78            android:name="flutterEmbedding"
78-->src/main/AndroidManifest.xml:41:17-48
79            android:value="2" />
79-->src/main/AndroidManifest.xml:42:17-34
80
81        <service
81-->[:firebase_auth] AndroidManifest.xml:10:9-14:19
82            android:name="com.google.firebase.components.ComponentDiscoveryService"
82-->[:firebase_auth] AndroidManifest.xml:10:18-89
83            android:directBootAware="true"
83-->[com.google.firebase:firebase-common:20.3.0] AndroidManifest.xml:34:13-43
84            android:exported="false" >
84-->[com.google.firebase:firebase-auth:21.1.0] AndroidManifest.xml:66:13-37
85            <meta-data
85-->[:firebase_auth] AndroidManifest.xml:11:13-13:85
86                android:name="com.google.firebase.components:io.flutter.plugins.firebase.auth.FlutterFirebaseAuthRegistrar"
86-->[:firebase_auth] AndroidManifest.xml:12:17-124
87                android:value="com.google.firebase.components.ComponentRegistrar" />
87-->[:firebase_auth] AndroidManifest.xml:13:17-82
88            <meta-data
88-->[:firebase_storage] AndroidManifest.xml:11:13-13:85
89                android:name="com.google.firebase.components:io.flutter.plugins.firebase.storage.FlutterFirebaseAppRegistrar"
89-->[:firebase_storage] AndroidManifest.xml:12:17-126
90                android:value="com.google.firebase.components.ComponentRegistrar" />
90-->[:firebase_storage] AndroidManifest.xml:13:17-82
91            <meta-data
91-->[:cloud_firestore] AndroidManifest.xml:11:13-13:85
92                android:name="com.google.firebase.components:io.flutter.plugins.firebase.firestore.FlutterFirebaseFirestoreRegistrar"
92-->[:cloud_firestore] AndroidManifest.xml:12:17-134
93                android:value="com.google.firebase.components.ComponentRegistrar" />
93-->[:cloud_firestore] AndroidManifest.xml:13:17-82
94            <meta-data
94-->[:firebase_core] AndroidManifest.xml:11:13-13:85
95                android:name="com.google.firebase.components:io.flutter.plugins.firebase.core.FlutterFirebaseCoreRegistrar"
95-->[:firebase_core] AndroidManifest.xml:12:17-124
96                android:value="com.google.firebase.components.ComponentRegistrar" />
96-->[:firebase_core] AndroidManifest.xml:13:17-82
97            <meta-data
97-->[com.google.firebase:firebase-auth:21.1.0] AndroidManifest.xml:67:13-69:85
98                android:name="com.google.firebase.components:com.google.firebase.auth.FirebaseAuthRegistrar"
98-->[com.google.firebase:firebase-auth:21.1.0] AndroidManifest.xml:68:17-109
99                android:value="com.google.firebase.components.ComponentRegistrar" />
99-->[com.google.firebase:firebase-auth:21.1.0] AndroidManifest.xml:69:17-82
100            <meta-data
100-->[com.google.firebase:firebase-firestore:24.4.3] AndroidManifest.xml:19:13-21:85
101                android:name="com.google.firebase.components:com.google.firebase.firestore.FirestoreRegistrar"
101-->[com.google.firebase:firebase-firestore:24.4.3] AndroidManifest.xml:20:17-111
102                android:value="com.google.firebase.components.ComponentRegistrar" />
102-->[com.google.firebase:firebase-firestore:24.4.3] AndroidManifest.xml:21:17-82
103            <meta-data
103-->[com.google.firebase:firebase-storage:20.1.0] AndroidManifest.xml:32:13-34:85
104                android:name="com.google.firebase.components:com.google.firebase.storage.StorageRegistrar"
104-->[com.google.firebase:firebase-storage:20.1.0] AndroidManifest.xml:33:17-107
105                android:value="com.google.firebase.components.ComponentRegistrar" />
105-->[com.google.firebase:firebase-storage:20.1.0] AndroidManifest.xml:34:17-82
106        </service>
107
108        <uses-library
108-->[androidx.window:window:1.0.0-beta04] AndroidManifest.xml:25:9-27:40
109            android:name="androidx.window.extensions"
109-->[androidx.window:window:1.0.0-beta04] AndroidManifest.xml:26:13-54
110            android:required="false" />
110-->[androidx.window:window:1.0.0-beta04] AndroidManifest.xml:27:13-37
111        <uses-library
111-->[androidx.window:window:1.0.0-beta04] AndroidManifest.xml:28:9-30:40
112            android:name="androidx.window.sidecar"
112-->[androidx.window:window:1.0.0-beta04] AndroidManifest.xml:29:13-51
113            android:required="false" />
113-->[androidx.window:window:1.0.0-beta04] AndroidManifest.xml:30:13-37
114
115        <activity
115-->[com.google.firebase:firebase-auth:21.1.0] AndroidManifest.xml:27:9-44:20
116            android:name="com.google.firebase.auth.internal.GenericIdpActivity"
116-->[com.google.firebase:firebase-auth:21.1.0] AndroidManifest.xml:28:13-80
117            android:excludeFromRecents="true"
117-->[com.google.firebase:firebase-auth:21.1.0] AndroidManifest.xml:29:13-46
118            android:exported="true"
118-->[com.google.firebase:firebase-auth:21.1.0] AndroidManifest.xml:30:13-36
119            android:launchMode="singleTask"
119-->[com.google.firebase:firebase-auth:21.1.0] AndroidManifest.xml:31:13-44
120            android:theme="@android:style/Theme.Translucent.NoTitleBar" >
120-->[com.google.firebase:firebase-auth:21.1.0] AndroidManifest.xml:32:13-72
121            <intent-filter>
121-->[com.google.firebase:firebase-auth:21.1.0] AndroidManifest.xml:33:13-43:29
122                <action android:name="android.intent.action.VIEW" />
122-->[com.google.firebase:firebase-auth:21.1.0] AndroidManifest.xml:34:17-69
122-->[com.google.firebase:firebase-auth:21.1.0] AndroidManifest.xml:34:25-66
123
124                <category android:name="android.intent.category.DEFAULT" />
124-->[com.google.firebase:firebase-auth:21.1.0] AndroidManifest.xml:36:17-76
124-->[com.google.firebase:firebase-auth:21.1.0] AndroidManifest.xml:36:27-73
125                <category android:name="android.intent.category.BROWSABLE" />
125-->[com.google.firebase:firebase-auth:21.1.0] AndroidManifest.xml:37:17-78
125-->[com.google.firebase:firebase-auth:21.1.0] AndroidManifest.xml:37:27-75
126
127                <data
127-->[:file_picker] AndroidManifest.xml:15:13-44
128                    android:host="firebase.auth"
129                    android:path="/"
130                    android:scheme="genericidp" />
131            </intent-filter>
132        </activity>
133        <activity
133-->[com.google.firebase:firebase-auth:21.1.0] AndroidManifest.xml:45:9-62:20
134            android:name="com.google.firebase.auth.internal.RecaptchaActivity"
134-->[com.google.firebase:firebase-auth:21.1.0] AndroidManifest.xml:46:13-79
135            android:excludeFromRecents="true"
135-->[com.google.firebase:firebase-auth:21.1.0] AndroidManifest.xml:47:13-46
136            android:exported="true"
136-->[com.google.firebase:firebase-auth:21.1.0] AndroidManifest.xml:48:13-36
137            android:launchMode="singleTask"
137-->[com.google.firebase:firebase-auth:21.1.0] AndroidManifest.xml:49:13-44
138            android:theme="@android:style/Theme.Translucent.NoTitleBar" >
138-->[com.google.firebase:firebase-auth:21.1.0] AndroidManifest.xml:50:13-72
139            <intent-filter>
139-->[com.google.firebase:firebase-auth:21.1.0] AndroidManifest.xml:51:13-61:29
140                <action android:name="android.intent.action.VIEW" />
140-->[com.google.firebase:firebase-auth:21.1.0] AndroidManifest.xml:34:17-69
140-->[com.google.firebase:firebase-auth:21.1.0] AndroidManifest.xml:34:25-66
141
142                <category android:name="android.intent.category.DEFAULT" />
142-->[com.google.firebase:firebase-auth:21.1.0] AndroidManifest.xml:36:17-76
142-->[com.google.firebase:firebase-auth:21.1.0] AndroidManifest.xml:36:27-73
143                <category android:name="android.intent.category.BROWSABLE" />
143-->[com.google.firebase:firebase-auth:21.1.0] AndroidManifest.xml:37:17-78
143-->[com.google.firebase:firebase-auth:21.1.0] AndroidManifest.xml:37:27-75
144
145                <data
145-->[:file_picker] AndroidManifest.xml:15:13-44
146                    android:host="firebase.auth"
147                    android:path="/"
148                    android:scheme="recaptcha" />
149            </intent-filter>
150        </activity>
151
152        <provider
152-->[com.google.firebase:firebase-common:20.3.0] AndroidManifest.xml:25:9-30:39
153            android:name="com.google.firebase.provider.FirebaseInitProvider"
153-->[com.google.firebase:firebase-common:20.3.0] AndroidManifest.xml:26:13-77
154            android:authorities="com.dartdroid.surety.firebaseinitprovider"
154-->[com.google.firebase:firebase-common:20.3.0] AndroidManifest.xml:27:13-72
155            android:directBootAware="true"
155-->[com.google.firebase:firebase-common:20.3.0] AndroidManifest.xml:28:13-43
156            android:exported="false"
156-->[com.google.firebase:firebase-common:20.3.0] AndroidManifest.xml:29:13-37
157            android:initOrder="100" />
157-->[com.google.firebase:firebase-common:20.3.0] AndroidManifest.xml:30:13-36
158        <provider
158-->[androidx.work:work-runtime:2.7.0] AndroidManifest.xml:31:9-39:20
159            android:name="androidx.startup.InitializationProvider"
159-->[androidx.work:work-runtime:2.7.0] AndroidManifest.xml:32:13-67
160            android:authorities="com.dartdroid.surety.androidx-startup"
160-->[androidx.work:work-runtime:2.7.0] AndroidManifest.xml:33:13-68
161            android:exported="false" >
161-->[androidx.work:work-runtime:2.7.0] AndroidManifest.xml:34:13-37
162            <meta-data
162-->[androidx.work:work-runtime:2.7.0] AndroidManifest.xml:36:13-38:52
163                android:name="androidx.work.WorkManagerInitializer"
163-->[androidx.work:work-runtime:2.7.0] AndroidManifest.xml:37:17-68
164                android:value="androidx.startup" />
164-->[androidx.work:work-runtime:2.7.0] AndroidManifest.xml:38:17-49
165        </provider>
166
167        <service
167-->[androidx.work:work-runtime:2.7.0] AndroidManifest.xml:41:9-46:35
168            android:name="androidx.work.impl.background.systemalarm.SystemAlarmService"
168-->[androidx.work:work-runtime:2.7.0] AndroidManifest.xml:42:13-88
169            android:directBootAware="false"
169-->[androidx.work:work-runtime:2.7.0] AndroidManifest.xml:43:13-44
170            android:enabled="@bool/enable_system_alarm_service_default"
170-->[androidx.work:work-runtime:2.7.0] AndroidManifest.xml:44:13-72
171            android:exported="false" />
171-->[androidx.work:work-runtime:2.7.0] AndroidManifest.xml:45:13-37
172        <service
172-->[androidx.work:work-runtime:2.7.0] AndroidManifest.xml:47:9-53:35
173            android:name="androidx.work.impl.background.systemjob.SystemJobService"
173-->[androidx.work:work-runtime:2.7.0] AndroidManifest.xml:48:13-84
174            android:directBootAware="false"
174-->[androidx.work:work-runtime:2.7.0] AndroidManifest.xml:49:13-44
175            android:enabled="@bool/enable_system_job_service_default"
175-->[androidx.work:work-runtime:2.7.0] AndroidManifest.xml:50:13-70
176            android:exported="true"
176-->[androidx.work:work-runtime:2.7.0] AndroidManifest.xml:51:13-36
177            android:permission="android.permission.BIND_JOB_SERVICE" />
177-->[androidx.work:work-runtime:2.7.0] AndroidManifest.xml:52:13-69
178        <service
178-->[androidx.work:work-runtime:2.7.0] AndroidManifest.xml:54:9-59:35
179            android:name="androidx.work.impl.foreground.SystemForegroundService"
179-->[androidx.work:work-runtime:2.7.0] AndroidManifest.xml:55:13-81
180            android:directBootAware="false"
180-->[androidx.work:work-runtime:2.7.0] AndroidManifest.xml:56:13-44
181            android:enabled="@bool/enable_system_foreground_service_default"
181-->[androidx.work:work-runtime:2.7.0] AndroidManifest.xml:57:13-77
182            android:exported="false" />
182-->[androidx.work:work-runtime:2.7.0] AndroidManifest.xml:58:13-37
183
184        <receiver
184-->[androidx.work:work-runtime:2.7.0] AndroidManifest.xml:61:9-66:35
185            android:name="androidx.work.impl.utils.ForceStopRunnable$BroadcastReceiver"
185-->[androidx.work:work-runtime:2.7.0] AndroidManifest.xml:62:13-88
186            android:directBootAware="false"
186-->[androidx.work:work-runtime:2.7.0] AndroidManifest.xml:63:13-44
187            android:enabled="true"
187-->[androidx.work:work-runtime:2.7.0] AndroidManifest.xml:64:13-35
188            android:exported="false" />
188-->[androidx.work:work-runtime:2.7.0] AndroidManifest.xml:65:13-37
189        <receiver
189-->[androidx.work:work-runtime:2.7.0] AndroidManifest.xml:67:9-77:20
190            android:name="androidx.work.impl.background.systemalarm.ConstraintProxy$BatteryChargingProxy"
190-->[androidx.work:work-runtime:2.7.0] AndroidManifest.xml:68:13-106
191            android:directBootAware="false"
191-->[androidx.work:work-runtime:2.7.0] AndroidManifest.xml:69:13-44
192            android:enabled="false"
192-->[androidx.work:work-runtime:2.7.0] AndroidManifest.xml:70:13-36
193            android:exported="false" >
193-->[androidx.work:work-runtime:2.7.0] AndroidManifest.xml:71:13-37
194            <intent-filter>
194-->[androidx.work:work-runtime:2.7.0] AndroidManifest.xml:73:13-76:29
195                <action android:name="android.intent.action.ACTION_POWER_CONNECTED" />
195-->[androidx.work:work-runtime:2.7.0] AndroidManifest.xml:74:17-87
195-->[androidx.work:work-runtime:2.7.0] AndroidManifest.xml:74:25-84
196                <action android:name="android.intent.action.ACTION_POWER_DISCONNECTED" />
196-->[androidx.work:work-runtime:2.7.0] AndroidManifest.xml:75:17-90
196-->[androidx.work:work-runtime:2.7.0] AndroidManifest.xml:75:25-87
197            </intent-filter>
198        </receiver>
199        <receiver
199-->[androidx.work:work-runtime:2.7.0] AndroidManifest.xml:78:9-88:20
200            android:name="androidx.work.impl.background.systemalarm.ConstraintProxy$BatteryNotLowProxy"
200-->[androidx.work:work-runtime:2.7.0] AndroidManifest.xml:79:13-104
201            android:directBootAware="false"
201-->[androidx.work:work-runtime:2.7.0] AndroidManifest.xml:80:13-44
202            android:enabled="false"
202-->[androidx.work:work-runtime:2.7.0] AndroidManifest.xml:81:13-36
203            android:exported="false" >
203-->[androidx.work:work-runtime:2.7.0] AndroidManifest.xml:82:13-37
204            <intent-filter>
204-->[androidx.work:work-runtime:2.7.0] AndroidManifest.xml:84:13-87:29
205                <action android:name="android.intent.action.BATTERY_OKAY" />
205-->[androidx.work:work-runtime:2.7.0] AndroidManifest.xml:85:17-77
205-->[androidx.work:work-runtime:2.7.0] AndroidManifest.xml:85:25-74
206                <action android:name="android.intent.action.BATTERY_LOW" />
206-->[androidx.work:work-runtime:2.7.0] AndroidManifest.xml:86:17-76
206-->[androidx.work:work-runtime:2.7.0] AndroidManifest.xml:86:25-73
207            </intent-filter>
208        </receiver>
209        <receiver
209-->[androidx.work:work-runtime:2.7.0] AndroidManifest.xml:89:9-99:20
210            android:name="androidx.work.impl.background.systemalarm.ConstraintProxy$StorageNotLowProxy"
210-->[androidx.work:work-runtime:2.7.0] AndroidManifest.xml:90:13-104
211            android:directBootAware="false"
211-->[androidx.work:work-runtime:2.7.0] AndroidManifest.xml:91:13-44
212            android:enabled="false"
212-->[androidx.work:work-runtime:2.7.0] AndroidManifest.xml:92:13-36
213            android:exported="false" >
213-->[androidx.work:work-runtime:2.7.0] AndroidManifest.xml:93:13-37
214            <intent-filter>
214-->[androidx.work:work-runtime:2.7.0] AndroidManifest.xml:95:13-98:29
215                <action android:name="android.intent.action.DEVICE_STORAGE_LOW" />
215-->[androidx.work:work-runtime:2.7.0] AndroidManifest.xml:96:17-83
215-->[androidx.work:work-runtime:2.7.0] AndroidManifest.xml:96:25-80
216                <action android:name="android.intent.action.DEVICE_STORAGE_OK" />
216-->[androidx.work:work-runtime:2.7.0] AndroidManifest.xml:97:17-82
216-->[androidx.work:work-runtime:2.7.0] AndroidManifest.xml:97:25-79
217            </intent-filter>
218        </receiver>
219        <receiver
219-->[androidx.work:work-runtime:2.7.0] AndroidManifest.xml:100:9-109:20
220            android:name="androidx.work.impl.background.systemalarm.ConstraintProxy$NetworkStateProxy"
220-->[androidx.work:work-runtime:2.7.0] AndroidManifest.xml:101:13-103
221            android:directBootAware="false"
221-->[androidx.work:work-runtime:2.7.0] AndroidManifest.xml:102:13-44
222            android:enabled="false"
222-->[androidx.work:work-runtime:2.7.0] AndroidManifest.xml:103:13-36
223            android:exported="false" >
223-->[androidx.work:work-runtime:2.7.0] AndroidManifest.xml:104:13-37
224            <intent-filter>
224-->[androidx.work:work-runtime:2.7.0] AndroidManifest.xml:106:13-108:29
225                <action android:name="android.net.conn.CONNECTIVITY_CHANGE" />
225-->[androidx.work:work-runtime:2.7.0] AndroidManifest.xml:107:17-79
225-->[androidx.work:work-runtime:2.7.0] AndroidManifest.xml:107:25-76
226            </intent-filter>
227        </receiver>
228        <receiver
228-->[androidx.work:work-runtime:2.7.0] AndroidManifest.xml:110:9-121:20
229            android:name="androidx.work.impl.background.systemalarm.RescheduleReceiver"
229-->[androidx.work:work-runtime:2.7.0] AndroidManifest.xml:111:13-88
230            android:directBootAware="false"
230-->[androidx.work:work-runtime:2.7.0] AndroidManifest.xml:112:13-44
231            android:enabled="false"
231-->[androidx.work:work-runtime:2.7.0] AndroidManifest.xml:113:13-36
232            android:exported="false" >
232-->[androidx.work:work-runtime:2.7.0] AndroidManifest.xml:114:13-37
233            <intent-filter>
233-->[androidx.work:work-runtime:2.7.0] AndroidManifest.xml:116:13-120:29
234                <action android:name="android.intent.action.BOOT_COMPLETED" />
234-->[androidx.work:work-runtime:2.7.0] AndroidManifest.xml:117:17-79
234-->[androidx.work:work-runtime:2.7.0] AndroidManifest.xml:117:25-76
235                <action android:name="android.intent.action.TIME_SET" />
235-->[androidx.work:work-runtime:2.7.0] AndroidManifest.xml:118:17-73
235-->[androidx.work:work-runtime:2.7.0] AndroidManifest.xml:118:25-70
236                <action android:name="android.intent.action.TIMEZONE_CHANGED" />
236-->[androidx.work:work-runtime:2.7.0] AndroidManifest.xml:119:17-81
236-->[androidx.work:work-runtime:2.7.0] AndroidManifest.xml:119:25-78
237            </intent-filter>
238        </receiver>
239        <receiver
239-->[androidx.work:work-runtime:2.7.0] AndroidManifest.xml:122:9-131:20
240            android:name="androidx.work.impl.background.systemalarm.ConstraintProxyUpdateReceiver"
240-->[androidx.work:work-runtime:2.7.0] AndroidManifest.xml:123:13-99
241            android:directBootAware="false"
241-->[androidx.work:work-runtime:2.7.0] AndroidManifest.xml:124:13-44
242            android:enabled="@bool/enable_system_alarm_service_default"
242-->[androidx.work:work-runtime:2.7.0] AndroidManifest.xml:125:13-72
243            android:exported="false" >
243-->[androidx.work:work-runtime:2.7.0] AndroidManifest.xml:126:13-37
244            <intent-filter>
244-->[androidx.work:work-runtime:2.7.0] AndroidManifest.xml:128:13-130:29
245                <action android:name="androidx.work.impl.background.systemalarm.UpdateProxies" />
245-->[androidx.work:work-runtime:2.7.0] AndroidManifest.xml:129:17-98
245-->[androidx.work:work-runtime:2.7.0] AndroidManifest.xml:129:25-95
246            </intent-filter>
247        </receiver>
248        <receiver
248-->[androidx.work:work-runtime:2.7.0] AndroidManifest.xml:132:9-142:20
249            android:name="androidx.work.impl.diagnostics.DiagnosticsReceiver"
249-->[androidx.work:work-runtime:2.7.0] AndroidManifest.xml:133:13-78
250            android:directBootAware="false"
250-->[androidx.work:work-runtime:2.7.0] AndroidManifest.xml:134:13-44
251            android:enabled="true"
251-->[androidx.work:work-runtime:2.7.0] AndroidManifest.xml:135:13-35
252            android:exported="true"
252-->[androidx.work:work-runtime:2.7.0] AndroidManifest.xml:136:13-36
253            android:permission="android.permission.DUMP" >
253-->[androidx.work:work-runtime:2.7.0] AndroidManifest.xml:137:13-57
254            <intent-filter>
254-->[androidx.work:work-runtime:2.7.0] AndroidManifest.xml:139:13-141:29
255                <action android:name="androidx.work.diagnostics.REQUEST_DIAGNOSTICS" />
255-->[androidx.work:work-runtime:2.7.0] AndroidManifest.xml:140:17-88
255-->[androidx.work:work-runtime:2.7.0] AndroidManifest.xml:140:25-85
256            </intent-filter>
257        </receiver>
258
259        <activity
259-->[com.google.android.gms:play-services-auth:20.6.0] AndroidManifest.xml:23:9-27:75
260            android:name="com.google.android.gms.auth.api.signin.internal.SignInHubActivity"
260-->[com.google.android.gms:play-services-auth:20.6.0] AndroidManifest.xml:24:13-93
261            android:excludeFromRecents="true"
261-->[com.google.android.gms:play-services-auth:20.6.0] AndroidManifest.xml:25:13-46
262            android:exported="false"
262-->[com.google.android.gms:play-services-auth:20.6.0] AndroidManifest.xml:26:13-37
263            android:theme="@android:style/Theme.Translucent.NoTitleBar" />
263-->[com.google.android.gms:play-services-auth:20.6.0] AndroidManifest.xml:27:13-72
264        <!--
265            Service handling Google Sign-In user revocation. For apps that do not integrate with
266            Google Sign-In, this service will never be started.
267        -->
268        <service
268-->[com.google.android.gms:play-services-auth:20.6.0] AndroidManifest.xml:33:9-37:51
269            android:name="com.google.android.gms.auth.api.signin.RevocationBoundService"
269-->[com.google.android.gms:play-services-auth:20.6.0] AndroidManifest.xml:34:13-89
270            android:exported="true"
270-->[com.google.android.gms:play-services-auth:20.6.0] AndroidManifest.xml:35:13-36
271            android:permission="com.google.android.gms.auth.api.signin.permission.REVOCATION_NOTIFICATION"
271-->[com.google.android.gms:play-services-auth:20.6.0] AndroidManifest.xml:36:13-107
272            android:visibleToInstantApps="true" />
272-->[com.google.android.gms:play-services-auth:20.6.0] AndroidManifest.xml:37:13-48
273
274        <activity
274-->[com.google.android.gms:play-services-base:18.0.1] AndroidManifest.xml:20:9-22:45
275            android:name="com.google.android.gms.common.api.GoogleApiActivity"
275-->[com.google.android.gms:play-services-base:18.0.1] AndroidManifest.xml:20:19-85
276            android:exported="false"
276-->[com.google.android.gms:play-services-base:18.0.1] AndroidManifest.xml:22:19-43
277            android:theme="@android:style/Theme.Translucent.NoTitleBar" />
277-->[com.google.android.gms:play-services-base:18.0.1] AndroidManifest.xml:21:19-78
278
279        <meta-data
279-->[com.google.android.gms:play-services-basement:18.2.0] AndroidManifest.xml:21:9-23:69
280            android:name="com.google.android.gms.version"
280-->[com.google.android.gms:play-services-basement:18.2.0] AndroidManifest.xml:22:13-58
281            android:value="@integer/google_play_services_version" />
281-->[com.google.android.gms:play-services-basement:18.2.0] AndroidManifest.xml:23:13-66
282
283        <service